2024-05-27 11:17:30 INFO  ітераційний 20 = 6765
2024-05-27 11:17:30 INFO  Час виконання ітераційного методу: 4161 наносекунд
2024-05-27 11:17:30 INFO  Використання пам'яті: 11264136 байт
2024-05-27 11:17:30 INFO  Часова складність: O(n)
Просторова складність: O(1)
2024-05-27 11:17:30 INFO  ________________
2024-05-27 11:17:30 INFO  рекурсивний 20 = 6765
2024-05-27 11:17:30 INFO  
Час виконання рекурсивного методу: 892248 наносекунд
2024-05-27 11:17:30 INFO  Використання пам'яті: 11489280 байт
2024-05-27 11:17:30 INFO  Часова складність: O(2^n)
Просторова складність: O(n)
2024-05-27 11:17:30 INFO  ________________
2024-05-27 11:17:30 INFO  динамічний 20 = 6765
2024-05-27 11:17:30 INFO  
Час виконання динамічного методу: 9927 наносекунд
2024-05-27 11:17:30 INFO  Використання пам'яті: 11489280 байт
2024-05-27 11:17:30 INFO  Часова складність: O(n)
Просторова складність: O(n)
2024-05-27 11:17:30 INFO  ________________
